Arguments: 
  C:\dev\nodejs\node.exe C:\dev\nvm\npm\node_modules\node_modules\yarn\bin\yarn.js install

PATH: 
  C:\Users\qczhu\bin;D:\Git\Git\mingw32\bin;D:\Git\Git\usr\local\bin;D:\Git\Git\usr\bin;D:\Git\Git\usr\bin;D:\Git\Git\mingw32\bin;D:\Git\Git\usr\bin;C:\Users\qczhu\bin;%SystemRoot\system32%;%ANDORD_HOME\tools%;E:\react\sdk\tools;E:\react\sdk\platform-tools;D:\Java\jdk1.8.0_111;D:\Java\jdk1.8.0_111\BIN;D:\Java\jdk1.8.0_111\LIB;D:\graphicsmagick\graphicsmagick-1.3.25-q16;D:\Java\jdk\bin;C:\ProgramData\Oracle\Java\javapath;C:\Program Files\MongoDB\Server\3.4\bin;C:\Windows\system32;C:\Windows;C:\Windows\System32\Wbem;C:\Windows\System32\WindowsPowerShell\v1.0;D:\Git\cmd;C:\Program Files (x86)\NVIDIA Corporation\PhysX\Common;D:\graphicsmagick\GraphicsMagick-1.3.25-Q16;C:\dev\nvm\npm\node_modules;D:\TortoiseSVN\bin;C;C;D:\Git\Git\Python27;E:\Program Files\nodejs;C:\dev\nvm;C:\dev\nvm\npm\node_modules;C:\Program Files\MongoDB\Server\3.4\bin;C:\dev\nvm;C:\dev\nodejs;E:\java\bin;E:\java\jre\bin;D:\visual studio code\Microsoft VS Code\bin;C:\Python27;C:\Users\qczhu\AppData\Roaming\npm;C:\Users\qczhu\AppData\Local\GitHubDesktop\bin;D:\Git\Git\usr\bin\vendor_perl;D:\Git\Git\usr\bin\core_perl

Yarn version: 
  0.27.5

Node version: 
  8.7.0

Platform: 
  win32 x64

npm manifest: 
  {
    "name": "aizazheng",
    "version": "1.0.1",
    "description": "aizazheng",
    "author": "jige",
    "license": "GPL",
    "private": true,
    "scripts": {
      "dev": "cross-env NODE_ENV=online node build/dev-server.js",
      "local": "cross-env NODE_ENV=local node build/dev-server.js",
      "build": "node build/build.js",
      "unit": "cross-env BABEL_ENV=test karma start test/unit/karma.conf.js --single-run",
      "e2e": "node test/e2e/runner.js",
      "test": "npm run unit && npm run e2e",
      "lint": "eslint --ext .js,.vue src test/unit/specs test/e2e/specs"
    },
    "dependencies": {
      "echarts": "^3.5.4",
      "element-ui": "^1.4.6",
      "moment": "^2.19.1",
      "time-formater": "^1.0.1",
      "vue": "^2.2.6",
      "vue-quill-editor": "^2.2.1",
      "vue-router": "^2.3.1",
      "vue-simplemde": "^0.3.8",
      "vuex": "^2.3.1"
    },
    "devDependencies": {
      "autoprefixer": "^6.7.2",
      "babel-core": "^6.22.1",
      "babel-eslint": "^7.1.1",
      "babel-loader": "^6.2.10",
      "babel-plugin-component": "^0.9.1",
      "babel-plugin-istanbul": "^4.1.1",
      "babel-plugin-transform-runtime": "^6.22.0",
      "babel-polyfill": "^6.23.0",
      "babel-preset-env": "^1.3.2",
      "babel-preset-stage-2": "^6.22.0",
      "babel-register": "^6.22.0",
      "babel-runtime": "^6.23.0",
      "chai": "^3.5.0",
      "chalk": "^1.1.3",
      "chromedriver": "^2.27.2",
      "connect-history-api-fallback": "^1.3.0",
      "copy-webpack-plugin": "^4.0.1",
      "cross-env": "^4.0.0",
      "cross-spawn": "^5.0.1",
      "css-loader": "^0.28.0",
      "eslint": "^3.19.0",
      "eslint-config-standard": "^6.2.1",
      "eslint-friendly-formatter": "^2.0.7",
      "eslint-loader": "^1.7.1",
      "eslint-plugin-html": "^2.0.0",
      "eslint-plugin-promise": "^3.4.0",
      "eslint-plugin-standard": "^2.0.1",
      "eventsource-polyfill": "^0.9.6",
      "express": "^4.14.1",
      "extract-text-webpack-plugin": "^2.0.0",
      "file-loader": "^0.11.1",
      "friendly-errors-webpack-plugin": "^1.1.3",
      "html-webpack-plugin": "^2.28.0",
      "http-proxy-middleware": "^0.17.3",
      "inject-loader": "^3.0.0",
      "karma": "^1.4.1",
      "karma-coverage": "^1.1.1",
      "karma-mocha": "^1.3.0",
      "karma-phantomjs-launcher": "^1.0.2",
      "karma-phantomjs-shim": "^1.4.0",
      "karma-sinon-chai": "^1.3.1",
      "karma-sourcemap-loader": "^0.3.7",
      "karma-spec-reporter": "0.0.30",
      "karma-webpack": "^2.0.2",
      "less": "^2.7.2",
      "less-loader": "^4.0.3",
      "lolex": "^1.5.2",
      "mocha": "^3.2.0",
      "nightwatch": "^0.9.12",
      "opn": "^4.0.2",
      "optimize-css-assets-webpack-plugin": "^1.3.0",
      "ora": "^1.2.0",
      "phantomjs-prebuilt": "^2.1.14",
      "rimraf": "^2.6.0",
      "selenium-server": "^3.0.1",
      "semver": "^5.3.0",
      "shelljs": "^0.7.6",
      "sinon": "^2.1.0",
      "sinon-chai": "^2.8.0",
      "url-loader": "^0.5.8",
      "vue-loader": "^11.3.4",
      "vue-style-loader": "^2.0.5",
      "vue-template-compiler": "^2.2.6",
      "webpack": "^2.3.3",
      "webpack-bundle-analyzer": "^2.2.1",
      "webpack-dev-middleware": "^1.10.0",
      "webpack-hot-middleware": "^2.18.0",
      "webpack-merge": "^4.1.0"
    },
    "engines": {
      "node": ">= 4.0.0",
      "npm": ">= 3.0.0"
    },
    "browserslist": [
      "> 1%",
      "last 2 versions",
      "not ie <= 8"
    ]
  }

yarn manifest: 
  No manifest

Lockfile: 
  No lockfile

Trace: 
  Error: EEXIST: file already exists, mkdir 'E:\聆歌项目\labVueAdmin\arpt\aizazheng\node_modules\autoprefixer'
